2016-05-04 2:52:16 - PHP Warning:  Invalid argument supplied for foreach() in /Users/fernandomendes/github/brincodeprincesas/public/admin/controller/extension/installer.php on line 333
2016-05-04 2:52:16 - PHP Warning:  Invalid argument supplied for foreach() in /Users/fernandomendes/github/brincodeprincesas/public/admin/controller/extension/installer.php on line 333
2016-05-04 2:52:34 - PHP Warning:  Invalid argument supplied for foreach() in /Users/fernandomendes/github/brincodeprincesas/public/admin/controller/extension/installer.php on line 333
2016-05-04 2:52:34 - PHP Warning:  Invalid argument supplied for foreach() in /Users/fernandomendes/github/brincodeprincesas/public/admin/controller/extension/installer.php on line 333
2016-05-04 3:42:24 - PHP Notice:  Undefined variable: description in /Users/fernandomendes/github/brincodeprincesas/public/catalog/view/theme/theme638/template/module/tm_newsletter.tpl on line 7
2016-05-04 3:42:24 - PHP Notice:  Undefined variable: html in /Users/fernandomendes/github/brincodeprincesas/public/catalog/view/theme/theme638/template/module/tm_newsletter_popup.tpl on line 18
2016-05-04 3:42:24 - PHP Warning:  sprintf() [<a href='function.sprintf'>function.sprintf</a>]: Too few arguments in /Users/fernandomendes/github/brincodeprincesas/public/system/storage/modification/catalog/controller/common/footer.php on line 90
2016-05-04 3:42:25 - PHP Notice:  Undefined variable: description in /Users/fernandomendes/github/brincodeprincesas/public/catalog/view/theme/theme638/template/module/tm_newsletter.tpl on line 7
2016-05-04 3:42:25 - PHP Notice:  Undefined variable: html in /Users/fernandomendes/github/brincodeprincesas/public/catalog/view/theme/theme638/template/module/tm_newsletter_popup.tpl on line 18
2016-05-04 3:42:25 - PHP Warning:  sprintf() [<a href='function.sprintf'>function.sprintf</a>]: Too few arguments in /Users/fernandomendes/github/brincodeprincesas/public/system/storage/modification/catalog/controller/common/footer.php on line 90
2016-05-04 3:42:49 - PHP Notice:  Undefined variable: description in /Users/fernandomendes/github/brincodeprincesas/public/catalog/view/theme/theme638/template/module/tm_newsletter.tpl on line 7
2016-05-04 3:42:49 - PHP Notice:  Undefined variable: html in /Users/fernandomendes/github/brincodeprincesas/public/catalog/view/theme/theme638/template/module/tm_newsletter_popup.tpl on line 18
2016-05-04 3:42:49 - PHP Warning:  sprintf() [<a href='function.sprintf'>function.sprintf</a>]: Too few arguments in /Users/fernandomendes/github/brincodeprincesas/public/system/storage/modification/catalog/controller/common/footer.php on line 90
2016-05-04 3:42:49 - PHP Notice:  Undefined variable: description in /Users/fernandomendes/github/brincodeprincesas/public/catalog/view/theme/theme638/template/module/tm_newsletter.tpl on line 7
2016-05-04 3:42:49 - PHP Notice:  Undefined variable: html in /Users/fernandomendes/github/brincodeprincesas/public/catalog/view/theme/theme638/template/module/tm_newsletter_popup.tpl on line 18
2016-05-04 3:42:49 - PHP Warning:  sprintf() [<a href='function.sprintf'>function.sprintf</a>]: Too few arguments in /Users/fernandomendes/github/brincodeprincesas/public/system/storage/modification/catalog/controller/common/footer.php on line 90
2016-05-04 3:46:00 - PHP Notice:  Undefined variable: description in /Users/fernandomendes/github/brincodeprincesas/public/catalog/view/theme/theme638/template/module/tm_newsletter.tpl on line 7
2016-05-04 3:46:00 - PHP Warning:  sprintf() [<a href='function.sprintf'>function.sprintf</a>]: Too few arguments in /Users/fernandomendes/github/brincodeprincesas/public/system/storage/modification/catalog/controller/common/footer.php on line 90
2016-05-04 3:46:00 - PHP Notice:  Undefined variable: description in /Users/fernandomendes/github/brincodeprincesas/public/catalog/view/theme/theme638/template/module/tm_newsletter.tpl on line 7
2016-05-04 3:46:00 - PHP Warning:  sprintf() [<a href='function.sprintf'>function.sprintf</a>]: Too few arguments in /Users/fernandomendes/github/brincodeprincesas/public/system/storage/modification/catalog/controller/common/footer.php on line 90
2016-05-05 4:49:05 - PHP Notice:  Undefined variable: description in /Users/fernandomendes/github/brincodeprincesas/public/catalog/view/theme/theme638/template/module/tm_newsletter.tpl on line 7
2016-05-05 4:49:05 - PHP Warning:  sprintf() [<a href='function.sprintf'>function.sprintf</a>]: Too few arguments in /Users/fernandomendes/github/brincodeprincesas/public/system/storage/modification/catalog/controller/common/footer.php on line 90
2016-05-05 4:49:06 - PHP Notice:  Undefined variable: description in /Users/fernandomendes/github/brincodeprincesas/public/catalog/view/theme/theme638/template/module/tm_newsletter.tpl on line 7
2016-05-05 4:49:06 - PHP Warning:  sprintf() [<a href='function.sprintf'>function.sprintf</a>]: Too few arguments in /Users/fernandomendes/github/brincodeprincesas/public/system/storage/modification/catalog/controller/common/footer.php on line 90
2016-05-05 4:49:06 - PHP Notice:  Undefined variable: description in /Users/fernandomendes/github/brincodeprincesas/public/catalog/view/theme/theme638/template/module/tm_newsletter.tpl on line 7
2016-05-05 4:49:06 - PHP Warning:  sprintf() [<a href='function.sprintf'>function.sprintf</a>]: Too few arguments in /Users/fernandomendes/github/brincodeprincesas/public/system/storage/modification/catalog/controller/common/footer.php on line 90
2016-05-05 4:49:16 - PHP Notice:  Undefined variable: description in /Users/fernandomendes/github/brincodeprincesas/public/catalog/view/theme/theme638/template/module/tm_newsletter.tpl on line 7
2016-05-05 4:49:16 - PHP Warning:  sprintf() [<a href='function.sprintf'>function.sprintf</a>]: Too few arguments in /Users/fernandomendes/github/brincodeprincesas/public/system/storage/modification/catalog/controller/common/footer.php on line 90
2016-05-05 4:49:17 - PHP Notice:  Undefined variable: description in /Users/fernandomendes/github/brincodeprincesas/public/catalog/view/theme/theme638/template/module/tm_newsletter.tpl on line 7
2016-05-05 4:49:17 - PHP Warning:  sprintf() [<a href='function.sprintf'>function.sprintf</a>]: Too few arguments in /Users/fernandomendes/github/brincodeprincesas/public/system/storage/modification/catalog/controller/common/footer.php on line 90
2016-05-05 4:49:18 - PHP Notice:  Undefined variable: description in /Users/fernandomendes/github/brincodeprincesas/public/catalog/view/theme/theme638/template/module/tm_newsletter.tpl on line 7
2016-05-05 4:49:18 - PHP Warning:  sprintf() [<a href='function.sprintf'>function.sprintf</a>]: Too few arguments in /Users/fernandomendes/github/brincodeprincesas/public/system/storage/modification/catalog/controller/common/footer.php on line 90
2016-05-05 4:49:29 - PHP Notice:  Undefined variable: description in /Users/fernandomendes/github/brincodeprincesas/public/catalog/view/theme/theme638/template/module/tm_newsletter.tpl on line 7
2016-05-05 4:49:29 - PHP Warning:  sprintf() [<a href='function.sprintf'>function.sprintf</a>]: Too few arguments in /Users/fernandomendes/github/brincodeprincesas/public/system/storage/modification/catalog/controller/common/footer.php on line 90
2016-05-05 4:49:52 - PHP Notice:  Undefined variable: description in /Users/fernandomendes/github/brincodeprincesas/public/catalog/view/theme/theme638/template/module/tm_newsletter.tpl on line 7
2016-05-05 4:49:52 - PHP Warning:  sprintf() [<a href='function.sprintf'>function.sprintf</a>]: Too few arguments in /Users/fernandomendes/github/brincodeprincesas/public/system/storage/modification/catalog/controller/common/footer.php on line 90
2016-05-05 4:49:52 - PHP Notice:  Undefined variable: description in /Users/fernandomendes/github/brincodeprincesas/public/catalog/view/theme/theme638/template/module/tm_newsletter.tpl on line 7
2016-05-05 4:49:52 - PHP Warning:  sprintf() [<a href='function.sprintf'>function.sprintf</a>]: Too few arguments in /Users/fernandomendes/github/brincodeprincesas/public/system/storage/modification/catalog/controller/common/footer.php on line 90
2016-05-05 4:50:34 - PHP Notice:  Undefined variable: languages in /Users/fernandomendes/github/brincodeprincesas/public/admin/view/template/module/olark.tpl on line 64
2016-05-05 4:50:34 - PHP Warning:  Invalid argument supplied for foreach() in /Users/fernandomendes/github/brincodeprincesas/public/admin/view/template/module/olark.tpl on line 64
2016-05-05 4:50:35 - PHP Notice:  Undefined variable: languages in /Users/fernandomendes/github/brincodeprincesas/public/admin/view/template/module/olark.tpl on line 64
2016-05-05 4:50:35 - PHP Warning:  Invalid argument supplied for foreach() in /Users/fernandomendes/github/brincodeprincesas/public/admin/view/template/module/olark.tpl on line 64
2016-05-05 4:50:54 - PHP Notice:  Undefined variable: category_search_article in /Users/fernandomendes/github/brincodeprincesas/public/admin/view/template/module/tm_blog_category.tpl on line 68
2016-05-05 4:50:54 - PHP Notice:  Undefined variable: category_search_article in /Users/fernandomendes/github/brincodeprincesas/public/admin/view/template/module/tm_blog_category.tpl on line 68
2016-05-05 4:53:05 - PHP Warning:  sprintf() [<a href='function.sprintf'>function.sprintf</a>]: Too few arguments in /Users/fernandomendes/github/brincodeprincesas/public/system/storage/modification/catalog/controller/common/footer.php on line 90
2016-05-05 4:53:05 - PHP Warning:  sprintf() [<a href='function.sprintf'>function.sprintf</a>]: Too few arguments in /Users/fernandomendes/github/brincodeprincesas/public/system/storage/modification/catalog/controller/common/footer.php on line 90
2016-05-05 4:53:05 - PHP Warning:  sprintf() [<a href='function.sprintf'>function.sprintf</a>]: Too few arguments in /Users/fernandomendes/github/brincodeprincesas/public/system/storage/modification/catalog/controller/common/footer.php on line 90
2016-05-05 4:53:06 - PHP Warning:  sprintf() [<a href='function.sprintf'>function.sprintf</a>]: Too few arguments in /Users/fernandomendes/github/brincodeprincesas/public/system/storage/modification/catalog/controller/common/footer.php on line 90
2016-05-05 4:53:06 - PHP Warning:  sprintf() [<a href='function.sprintf'>function.sprintf</a>]: Too few arguments in /Users/fernandomendes/github/brincodeprincesas/public/system/storage/modification/catalog/controller/common/footer.php on line 90
2016-05-05 4:55:12 - PHP Warning:  sprintf() [<a href='function.sprintf'>function.sprintf</a>]: Too few arguments in /Users/fernandomendes/github/brincodeprincesas/public/system/storage/modification/catalog/controller/common/footer.php on line 90
2016-05-05 4:55:12 - PHP Warning:  sprintf() [<a href='function.sprintf'>function.sprintf</a>]: Too few arguments in /Users/fernandomendes/github/brincodeprincesas/public/system/storage/modification/catalog/controller/common/footer.php on line 90
2016-05-05 4:55:12 - PHP Warning:  sprintf() [<a href='function.sprintf'>function.sprintf</a>]: Too few arguments in /Users/fernandomendes/github/brincodeprincesas/public/system/storage/modification/catalog/controller/common/footer.php on line 90
2016-05-05 4:55:12 - PHP Warning:  sprintf() [<a href='function.sprintf'>function.sprintf</a>]: Too few arguments in /Users/fernandomendes/github/brincodeprincesas/public/system/storage/modification/catalog/controller/common/footer.php on line 90
2016-05-05 4:55:13 - PHP Warning:  sprintf() [<a href='function.sprintf'>function.sprintf</a>]: Too few arguments in /Users/fernandomendes/github/brincodeprincesas/public/system/storage/modification/catalog/controller/common/footer.php on line 90
2016-05-05 4:57:07 - PHP Warning:  sprintf() [<a href='function.sprintf'>function.sprintf</a>]: Too few arguments in /Users/fernandomendes/github/brincodeprincesas/public/system/storage/modification/catalog/controller/common/footer.php on line 90
2016-05-05 4:57:07 - PHP Warning:  sprintf() [<a href='function.sprintf'>function.sprintf</a>]: Too few arguments in /Users/fernandomendes/github/brincodeprincesas/public/system/storage/modification/catalog/controller/common/footer.php on line 90
2016-05-05 4:57:08 - PHP Warning:  sprintf() [<a href='function.sprintf'>function.sprintf</a>]: Too few arguments in /Users/fernandomendes/github/brincodeprincesas/public/system/storage/modification/catalog/controller/common/footer.php on line 90
2016-05-05 4:57:09 - PHP Warning:  sprintf() [<a href='function.sprintf'>function.sprintf</a>]: Too few arguments in /Users/fernandomendes/github/brincodeprincesas/public/system/storage/modification/catalog/controller/common/footer.php on line 90
2016-05-05 4:58:01 - PHP Warning:  sprintf() [<a href='function.sprintf'>function.sprintf</a>]: Too few arguments in /Users/fernandomendes/github/brincodeprincesas/public/system/storage/modification/catalog/controller/common/footer.php on line 90
2016-05-05 4:58:01 - PHP Warning:  sprintf() [<a href='function.sprintf'>function.sprintf</a>]: Too few arguments in /Users/fernandomendes/github/brincodeprincesas/public/system/storage/modification/catalog/controller/common/footer.php on line 90
2016-05-05 4:58:02 - PHP Warning:  sprintf() [<a href='function.sprintf'>function.sprintf</a>]: Too few arguments in /Users/fernandomendes/github/brincodeprincesas/public/system/storage/modification/catalog/controller/common/footer.php on line 90
2016-05-05 4:58:02 - PHP Warning:  sprintf() [<a href='function.sprintf'>function.sprintf</a>]: Too few arguments in /Users/fernandomendes/github/brincodeprincesas/public/system/storage/modification/catalog/controller/common/footer.php on line 90
2016-05-05 4:58:02 - PHP Warning:  sprintf() [<a href='function.sprintf'>function.sprintf</a>]: Too few arguments in /Users/fernandomendes/github/brincodeprincesas/public/system/storage/modification/catalog/controller/common/footer.php on line 90
2016-05-05 4:59:32 - PHP Warning:  sprintf() [<a href='function.sprintf'>function.sprintf</a>]: Too few arguments in /Users/fernandomendes/github/brincodeprincesas/public/system/storage/modification/catalog/controller/common/footer.php on line 90
2016-05-05 4:59:32 - PHP Warning:  sprintf() [<a href='function.sprintf'>function.sprintf</a>]: Too few arguments in /Users/fernandomendes/github/brincodeprincesas/public/system/storage/modification/catalog/controller/common/footer.php on line 90
2016-05-05 4:59:32 - PHP Warning:  sprintf() [<a href='function.sprintf'>function.sprintf</a>]: Too few arguments in /Users/fernandomendes/github/brincodeprincesas/public/system/storage/modification/catalog/controller/common/footer.php on line 90
2016-05-05 4:59:33 - PHP Warning:  sprintf() [<a href='function.sprintf'>function.sprintf</a>]: Too few arguments in /Users/fernandomendes/github/brincodeprincesas/public/system/storage/modification/catalog/controller/common/footer.php on line 90
2016-05-05 4:59:33 - PHP Warning:  sprintf() [<a href='function.sprintf'>function.sprintf</a>]: Too few arguments in /Users/fernandomendes/github/brincodeprincesas/public/system/storage/modification/catalog/controller/common/footer.php on line 90
2016-05-05 5:02:31 - PHP Warning:  sprintf() [<a href='function.sprintf'>function.sprintf</a>]: Too few arguments in /Users/fernandomendes/github/brincodeprincesas/public/system/storage/modification/catalog/controller/common/footer.php on line 103
2016-05-05 5:02:32 - PHP Warning:  sprintf() [<a href='function.sprintf'>function.sprintf</a>]: Too few arguments in /Users/fernandomendes/github/brincodeprincesas/public/system/storage/modification/catalog/controller/common/footer.php on line 103
2016-05-05 5:02:32 - PHP Warning:  sprintf() [<a href='function.sprintf'>function.sprintf</a>]: Too few arguments in /Users/fernandomendes/github/brincodeprincesas/public/system/storage/modification/catalog/controller/common/footer.php on line 103
2016-05-05 5:02:32 - PHP Warning:  sprintf() [<a href='function.sprintf'>function.sprintf</a>]: Too few arguments in /Users/fernandomendes/github/brincodeprincesas/public/system/storage/modification/catalog/controller/common/footer.php on line 103
